2025-01-08 07:38:32 host=ARM-WS-045 EventID=4634 Level=Warning User=ivanov_aa Message="An account was logged off."
2025-01-08 11:54:40 host=ARM-WS-021 EventID=4697 Level=Warning User=petrova_ns Message="A service was installed in the system." Details="Установка сервиса" ServiceName="WinUpdateSvc"
2025-01-10 04:27:02 host=ARM-WS-045 EventID=4697 Level=Error User=sokolov_pp Message="A service was installed in the system."
2025-01-09 21:35:22 host=ARM-WS-033 EventID=4769 Level=Information User=sokolov_pp Message="A Kerberos service ticket was requested."
2025-01-08 13:36:36 host=ARM-WS-052 EventID=4625 Level=Warning User=sokolov_pp Message="An account failed to log on."
2025-01-09 16:30:59 host=ARM-WS-045 EventID=4688 Level=Error User=tech_ot Message="A new process has been created."
2025-01-09 23:46:37 host=ARM-WS-045 EventID=4688 Level=Information User=petrova_ns Message="A new process has been created."
2025-01-09 06:55:15 host=ARM-WS-033 EventID=4688 Level=Error User=sokolov_pp Message="A new process has been created."
2025-01-09 10:54:24 host=ARM-WS-052 EventID=4688 Level=Information User=admin_it Message="A new process has been created."
2025-01-09 22:43:23 host=ARM-WS-014 EventID=4769 Level=Information User=tech_ot Message="A Kerberos service ticket was requested."
2025-01-08 20:48:05 host=ARM-WS-033 EventID=4625 Level=Warning User=petrova_ns Message="An account failed to log on."
2025-01-08 23:26:35 host=ARM-WS-033 EventID=4634 Level=Error User=smirnov_iv Message="An account was logged off." Details="Неудачная попытка входа"
2025-01-09 07:06:31 host=ARM-WS-033 EventID=4624 Level=Information User=svc_backup Message="An account was successfully logged on." Details="Неудачная попытка входа"
2025-01-09 05:12:05 host=ARM-WS-045 EventID=4634 Level=Information User=petrova_ns Message="An account was logged off."
2025-01-09 00:31:13 host=ARM-WS-014 EventID=4697 Level=Error User=kuznetsova_oa Message="A service was installed in the system."
2025-01-10 04:21:47 host=ARM-WS-033 EventID=4634 Level=Information User=svc_backup Message="An account was logged off." Details="Успешный вход"
2025-01-08 14:07:41 host=ARM-WS-014 EventID=4697 Level=Information User=petrova_ns Message="A service was installed in the system."
2025-01-08 18:14:02 host=ARM-WS-045 EventID=4697 Level=Warning User=kuznetsova_oa Message="A service was installed in the system."
2025-01-09 07:50:35 host=ARM-WS-033 EventID=4624 Level=Warning User=sokolov_pp Message="An account was successfully logged on." Details="Запуск процесса"
2025-01-09 08:13:48 host=ARM-WS-014 EventID=4697 Level=Warning User=tech_ot Message="A service was installed in the system."
2025-01-10 04:21:28 host=ARM-WS-052 EventID=4697 Level=Warning User=sokolov_pp Message="A service was installed in the system."
2025-01-10 04:42:00 host=ARM-WS-033 EventID=4624 Level=Information User=smirnov_iv Message="An account was successfully logged on."
2025-01-09 15:40:46 host=ARM-WS-014 EventID=4697 Level=Error User=kuznetsova_oa Message="A service was installed in the system."
2025-01-08 22:43:30 host=ARM-WS-014 EventID=4769 Level=Warning User=sokolov_pp Message="A Kerberos service ticket was requested." Details="Запуск процесса"
2025-01-10 04:42:32 host=ARM-WS-045 EventID=4625 Level=Information User=smirnov_iv Message="An account failed to log on."
2025-01-09 22:18:27 host=ARM-WS-052 EventID=4769 Level=Error User=kuznetsova_oa Message="A Kerberos service ticket was requested."
2025-01-10 01:14:24 host=ARM-WS-021 EventID=4634 Level=Warning User=kuznetsova_oa Message="An account was logged off."
2025-01-08 14:54:53 host=ARM-WS-014 EventID=4634 Level=Warning User=ivanov_aa Message="An account was logged off."
2025-01-10 04:52:49 host=ARM-WS-045 EventID=4624 Level=Information User=petrova_ns Message="An account was successfully logged on."
2025-01-09 17:32:06 host=ARM-WS-052 EventID=4697 Level=Error User=admin_it Message="A service was installed in the system."
2025-01-09 13:07:40 host=ARM-WS-033 EventID=4769 Level=Error User=petrova_ns Message="A Kerberos service ticket was requested."
2025-01-10 06:08:37 host=ARM-WS-021 EventID=4634 Level=Information User=petrova_ns Message="An account was logged off."
2025-01-08 08:05:18 host=ARM-WS-052 EventID=4624 Level=Information User=smirnov_iv Message="An account was successfully logged on."
2025-01-09 06:39:09 host=ARM-WS-052 EventID=4769 Level=Information User=svc_backup Message="A Kerberos service ticket was requested."
2025-01-09 09:49:17 host=ARM-WS-052 EventID=4769 Level=Information User=ivanov_aa Message="A Kerberos service ticket was requested." Details="Установка сервиса"
2025-01-10 06:57:20 host=ARM-WS-033 EventID=4697 Level=Error User=kuznetsova_oa Message="A service was installed in the system."
2025-01-08 17:14:15 host=ARM-WS-014 EventID=4624 Level=Information User=tech_ot Message="An account was successfully logged on."
2025-01-08 11:27:49 host=ARM-WS-033 EventID=4624 Level=Error User=sokolov_pp Message="An account was successfully logged on."
2025-01-09 01:26:10 host=ARM-WS-052 EventID=4634 Level=Error User=smirnov_iv Message="An account was logged off."
2025-01-09 19:23:51 host=ARM-WS-052 EventID=4624 Level=Warning User=svc_backup Message="An account was successfully logged on." Details="Установка сервиса"
2025-01-10 01:08:19 host=ARM-WS-014 EventID=4769 Level=Warning User=sokolov_pp Message="A Kerberos service ticket was requested."
2025-01-09 06:40:41 host=ARM-WS-033 EventID=4769 Level=Warning User=kuznetsova_oa Message="A Kerberos service ticket was requested."
2025-01-08 23:37:50 host=ARM-WS-014 EventID=4769 Level=Error User=kuznetsova_oa Message="A Kerberos service ticket was requested."
2025-01-08 19:44:49 host=ARM-WS-021 EventID=4697 Level=Warning User=svc_backup Message="A service was installed in the system." Details="Установка сервиса"
2025-01-09 01:42:11 host=ARM-WS-021 EventID=4634 Level=Warning User=smirnov_iv Message="An account was logged off." Details="Успешный вход"
2025-01-08 14:03:04 host=ARM-WS-052 EventID=4769 Level=Information User=kuznetsova_oa Message="A Kerberos service ticket was requested." Details="Установка сервиса"
2025-01-10 00:56:26 host=ARM-WS-052 EventID=4625 Level=Error User=tech_ot Message="An account failed to log on." Details="Неудачная попытка входа"
2025-01-09 13:35:08 host=ARM-WS-052 EventID=4688 Level=Error User=tech_ot Message="A new process has been created." Details="Успешный вход"
2025-01-10 00:14:16 host=ARM-WS-014 EventID=4634 Level=Information User=svc_backup Message="An account was logged off."
2025-01-09 07:21:39 host=ARM-WS-021 EventID=4769 Level=Warning User=ivanov_aa Message="A Kerberos service ticket was requested."
2025-01-08 17:40:08 host=ARM-WS-052 EventID=4688 Level=Information User=kuznetsova_oa Message="A new process has been created."
2025-01-08 12:15:33 host=ARM-WS-052 EventID=4769 Level=Information User=smirnov_iv Message="A Kerberos service ticket was requested." Details="Неудачная попытка входа"
2025-01-09 18:36:42 host=ARM-WS-033 EventID=4769 Level=Warning User=kuznetsova_oa Message="A Kerberos service ticket was requested."
2025-01-10 00:30:08 host=ARM-WS-014 EventID=4624 Level=Warning User=kuznetsova_oa Message="An account was successfully logged on."
2025-01-10 05:32:09 host=ARM-WS-021 EventID=4624 Level=Information User=kuznetsova_oa Message="An account was successfully logged on."
2025-01-08 19:49:12 host=ARM-WS-014 EventID=4625 Level=Information User=admin_it Message="An account failed to log on."
2025-01-08 17:01:27 host=ARM-WS-021 EventID=4697 Level=Warning User=sokolov_pp Message="A service was installed in the system."
2025-01-08 17:52:09 host=ARM-WS-033 EventID=4625 Level=Error User=tech_ot Message="An account failed to log on."
2025-01-08 11:54:17 host=ARM-WS-021 EventID=4697 Level=Warning User=kuznetsova_oa Message="A service was installed in the system."
2025-01-09 19:36:45 host=ARM-WS-021 EventID=4769 Level=Information User=ivanov_aa Message="A Kerberos service ticket was requested."
2025-01-08 14:27:59 host=ARM-WS-045 EventID=4624 Level=Information User=petrova_ns Message="An account was successfully logged on."
2025-01-09 09:55:58 host=ARM-WS-014 EventID=4688 Level=Error User=kuznetsova_oa Message="A new process has been created."
2025-01-08 09:31:46 host=ARM-WS-045 EventID=4624 Level=Error User=svc_backup Message="An account was successfully logged on."
2025-01-09 22:16:08 host=ARM-WS-045 EventID=4624 Level=Warning User=admin_it Message="An account was successfully logged on." Details="Успешный вход"
2025-01-09 07:38:24 host=ARM-WS-045 EventID=4688 Level=Information User=sokolov_pp Message="A new process has been created."
2025-01-09 20:30:39 host=ARM-WS-052 EventID=4625 Level=Error User=tech_ot Message="An account failed to log on." Details="Установка сервиса"
2025-01-08 07:59:23 host=ARM-WS-033 EventID=4624 Level=Warning User=ivanov_aa Message="An account was successfully logged on." Details="Успешный вход"
2025-01-09 00:59:13 host=ARM-WS-033 EventID=4769 Level=Information User=admin_it Message="A Kerberos service ticket was requested."
2025-01-10 04:16:28 host=ARM-WS-014 EventID=4697 Level=Warning User=smirnov_iv Message="A service was installed in the system."
2025-01-09 10:58:51 host=ARM-WS-033 EventID=4625 Level=Information User=petrova_ns Message="An account failed to log on."
2025-01-08 08:06:50 host=ARM-WS-014 EventID=4634 Level=Information User=tech_ot Message="An account was logged off."
2025-01-09 17:28:19 host=ARM-WS-052 EventID=4625 Level=Warning User=sokolov_pp Message="An account failed to log on."
2025-01-08 17:29:37 host=ARM-WS-045 EventID=4634 Level=Information User=petrova_ns Message="An account was logged off."
2025-01-09 09:42:28 host=ARM-WS-014 EventID=4625 Level=Information User=ivanov_aa Message="An account failed to log on."
2025-01-08 15:21:53 host=ARM-WS-014 EventID=4697 Level=Error User=ivanov_aa Message="A service was installed in the system." Details="Неудачная попытка входа"
2025-01-08 09:03:54 host=ARM-WS-021 EventID=4624 Level=Information User=kuznetsova_oa Message="An account was successfully logged on."